<?xml version="1.0" encoding="UTF-8"?>
<!-- Generated by org.testng.reporters.JUnitReportReporter -->
<testsuite hostname="ko2-Satellite-C655" name="com.globant.bootcamp.tae.App" tests="1" failures="0" timestamp="5 Apr 2016 20:11:13 GMT" time="53.802" errors="0">
  <testcase name="ejercicio04" time="53.802" classname="com.globant.bootcamp.tae.App"/>
</testsuite> <!-- com.globant.bootcamp.tae.App -->
