<?xml version="1.0" encoding="UTF-8"?>
<!-- Generated by org.testng.reporters.JUnitReportReporter -->
<testsuite hostname="ko2-Satellite-C655" name="com.globant.bootcamp.tae.App" tests="1" failures="0" timestamp="4 Apr 2016 18:43:38 GMT" time="13.413" errors="0">
  <testcase name="exercise01" time="13.413" classname="com.globant.bootcamp.tae.App"/>
</testsuite> <!-- com.globant.bootcamp.tae.App -->
