<?xml version="1.0" encoding="UTF-8"?>
<!-- Generated by org.testng.reporters.JUnitReportReporter -->
<testsuite hostname="ko2-Satellite-C655" name="com.globant.bootcamp.tae.App" tests="1" failures="0" timestamp="5 Apr 2016 08:04:44 GMT" time="25.255" errors="0">
  <testcase name="ejercicio01" time="25.255" classname="com.globant.bootcamp.tae.App"/>
</testsuite> <!-- com.globant.bootcamp.tae.App -->
