<?xml version="1.0" encoding="UTF-8"?>
<!-- Generated by org.testng.reporters.JUnitReportReporter -->
<testsuite hostname="ko2-Satellite-C655" name="com.globant.bootcamp.tae.App" tests="1" failures="0" timestamp="12 Apr 2016 06:18:26 GMT" time="38.666" errors="0">
  <testcase name="ejercicio06" time="38.666" classname="com.globant.bootcamp.tae.App"/>
</testsuite> <!-- com.globant.bootcamp.tae.App -->
